BRL-CAD Release 7.25.0  The BRL-CAD Raytracer RT
    Mon, 23 Jun 2014 13:38:48 +0530, Compilation 0
    amit@amit-Inspiron-3521
BRL-CAD Release 7.25.0  The BRL-CAD Ray-Tracing Library
    Mon, 23 Jun 2014 13:38:48 +0530, Compilation 0
    amit@amit-Inspiron-3521
BRL-CAD Release 7.25.0  The BRL-CAD Numerical Computation Library
    Mon, 23 Jun 2014 13:38:48 +0530, Compilation 0
    amit@amit-Inspiron-3521
BRL-CAD Release 7.25.0  The BRL-CAD Utility Library
    Mon, 23 Jun 2014 13:38:48 +0530, Compilation 0
    amit@amit-Inspiron-3521

Compile-time debug symbols are available
Running on unknown
Planning to run with 4 processors
/usr/brlcad/dev-7.25.0/bin//rt -M -o isoview.pix
opendb /home/amit/public_html/cgi-bin/sofa.g;
tree r1 r2;
db title:  Untitled BRL-CAD Database
DIRBUILD: cpu = 0.000437 sec, elapsed = 0.000665 sec
    parent: 0.0user 0.0sys 0:00real 0% 0i+0d 3590maxrss 0+155pf 0+1csw
  children: 0.0user 0.0sys 0:00real 0% 0i+0d 0maxrss 0+0pf 0+0csw
Additional #malloc=135, #free=117, #realloc=4 (18 retained)
0x7f8b12bfe040 TOL 5.000000e-04 (sq=2.500000e-07) perp=1.000000e-06, para=9.999990e-01
BRL-CAD Release 7.25.0  The BRL-CAD Optical Shader Library
    Mon, 23 Jun 2014 13:38:48 +0530, Compilation 0
    amit@amit-Inspiron-3521
Additional #malloc=2053, #free=5, #realloc=1 (2048 retained)
GETTREE: cpu = 0.002216 sec, elapsed = 0.002232 sec
    parent: 0.0user 0.0sys 0:00real 0% 0i+0d 4588maxrss 0+95pf 21+1csw
  children: 0.0user 0.0sys 0:00real 0% 0i+0d 0maxrss 0+0pf 0+0csw
Additional #malloc=3057, #free=2818, #realloc=11 (239 retained)

...................Frame     0...................
PREP: cpu = 0.001062 sec, elapsed = 0.001118 sec
    parent: 0.0user 0.0sys 0:00real 0% 0i+0d 4588maxrss 0+34pf 0+0csw
  children: 0.0user 0.0sys 0:00real 0% 0i+0d 0maxrss 0+0pf 0+0csw
Additional #malloc=383, #free=199, #realloc=4 (184 retained)
NUBSP: 0 nu, 166 cut, 167 box (167 empty)
Tree: 39 solids in 2 regions
Model: X(0, 62), Y(0, 22), Z(-5, 22)
View: 30 azimuth, 30 elevation off of front view
Orientation: 0.25, 0.433013, 0.75, 0.433013
Eye_pos: 204.963, 105.937, 126.975
Size: 144mm
Grid: (0.28125, 0.28125) mm, (512, 512) pixels
Beam: radius=0.140625 mm, divergence=0 mm/1mm
Output file is 'isoview.pix' 512x512 pixels
Low overhead scanline-per-CPU buffering

SHOT: cpu = 0.346955 sec, elapsed = 0.092032 sec
    parent: 0.3user 0.0sys 0:00real 377% 0i+0d 8310maxrss 0+68pf 54+58csw
  children: 0.0user 0.0sys 0:00real 0% 0i+0d 0maxrss 0+0pf 0+0csw
Additional #malloc=631, #free=566, #realloc=3 (65 retained)
79507 solid/ray intersections: 38451 hits + 41056 miss
pruned 48.4%:  238723 model RPP, 61835 dups skipped, 0 solid RPP
Frame  0:     262144 pixels in      0.09 sec =   3022224.78 pixels/sec
Frame  0:     262144 rays   in      0.09 sec =   3022224.78 rays/sec (RTFM)
Frame  0:     262144 rays   in      0.35 sec =    755556.20 rays/CPU_sec
Frame  0:     262144 rays   in      0.09 sec =   2848400.56 rays/sec (wallclock)

env: /usr/brlcad/dev-7.24.1/bin/rt: No such file or directory
