BRL-CAD Release 7.25.0  The BRL-CAD Raytracer RT
    Mon, 23 Jun 2014 13:38:48 +0530, Compilation 0
    amit@amit-Inspiron-3521
BRL-CAD Release 7.25.0  The BRL-CAD Ray-Tracing Library
    Mon, 23 Jun 2014 13:38:48 +0530, Compilation 0
    amit@amit-Inspiron-3521
BRL-CAD Release 7.25.0  The BRL-CAD Numerical Computation Library
    Mon, 23 Jun 2014 13:38:48 +0530, Compilation 0
    amit@amit-Inspiron-3521
BRL-CAD Release 7.25.0  The BRL-CAD Utility Library
    Mon, 23 Jun 2014 13:38:48 +0530, Compilation 0
    amit@amit-Inspiron-3521

Compile-time debug symbols are available
Running on unknown
Planning to run with 4 processors
/usr/brlcad/dev-7.25.0/bin//rt -M -o frontview.pix
opendb /home/amit/public_html/cgi-bin/BRLCAD/ballbearing.g;
tree ballbearing.c;
db title:  Untitled BRL-CAD Database
DIRBUILD: cpu = 0.000342 sec, elapsed = 0.00052 sec
    parent: 0.0user 0.0sys 0:00real 0% 0i+0d 3590maxrss 0+153pf 0+0csw
  children: 0.0user 0.0sys 0:00real 0% 0i+0d 0maxrss 0+0pf 0+0csw
Additional #malloc=111, #free=94, #realloc=5 (17 retained)
0x7ff6ca670040 TOL 5.000000e-04 (sq=2.500000e-07) perp=1.000000e-06, para=9.999990e-01
BRL-CAD Release 7.25.0  The BRL-CAD Optical Shader Library
    Mon, 23 Jun 2014 13:38:48 +0530, Compilation 0
    amit@amit-Inspiron-3521
Additional #malloc=2053, #free=5, #realloc=1 (2048 retained)
GETTREE: cpu = 0.001546 sec, elapsed = 0.015567 sec
    parent: 0.0user 0.0sys 0:00real 0% 0i+0d 4598maxrss 1+103pf 28+2csw
  children: 0.0user 0.0sys 0:00real 0% 0i+0d 0maxrss 0+0pf 0+0csw
Additional #malloc=2011, #free=1885, #realloc=11 (126 retained)

...................Frame     0...................
PREP: cpu = 0.000291 sec, elapsed = 0.000339 sec
    parent: 0.0user 0.0sys 0:00real 0% 0i+0d 4598maxrss 0+26pf 0+0csw
  children: 0.0user 0.0sys 0:00real 0% 0i+0d 0maxrss 0+0pf 0+0csw
Additional #malloc=199, #free=108, #realloc=4 (91 retained)
NUBSP: 0 nu, 74 cut, 75 box (75 empty)
Tree: 12 solids in 3 regions
Model: X(0, 60), Y(-220, 220), Z(-220, 220)
View: 0 azimuth, 0 elevation off of front view
Orientation: 0.5, 0.5, 0.5, 0.5
Eye_pos: 1554.2, 0, 0
Size: 880mm
Grid: (1.71875, 1.71875) mm, (512, 512) pixels
Beam: radius=0.859375 mm, divergence=0 mm/1mm
Output file is 'frontview.pix' 512x512 pixels
Low overhead scanline-per-CPU buffering

SHOT: cpu = 0.535714 sec, elapsed = 0.139908 sec
    parent: 0.5user 0.0sys 0:00real 407% 0i+0d 8292maxrss 0+74pf 52+41csw
  children: 0.0user 0.0sys 0:00real 0% 0i+0d 0maxrss 0+0pf 0+0csw
Additional #malloc=618, #free=566, #realloc=3 (52 retained)
179850 solid/ray intersections: 137816 hits + 42034 miss
pruned 76.6%:  196095 model RPP, 0 dups skipped, 5847 solid RPP
Frame  0:     262144 pixels in      0.13 sec =   1957342.91 pixels/sec
Frame  0:     262144 rays   in      0.13 sec =   1957342.91 rays/sec (RTFM)
Frame  0:     262144 rays   in      0.54 sec =    489335.73 rays/CPU_sec
Frame  0:     262144 rays   in      0.14 sec =   1873688.42 rays/sec (wallclock)

BRL-CAD Release 7.25.0  The BRL-CAD Raytracer RT
    Mon, 23 Jun 2014 13:38:48 +0530, Compilation 0
    amit@amit-Inspiron-3521
BRL-CAD Release 7.25.0  The BRL-CAD Ray-Tracing Library
    Mon, 23 Jun 2014 13:38:48 +0530, Compilation 0
    amit@amit-Inspiron-3521
BRL-CAD Release 7.25.0  The BRL-CAD Numerical Computation Library
    Mon, 23 Jun 2014 13:38:48 +0530, Compilation 0
    amit@amit-Inspiron-3521
BRL-CAD Release 7.25.0  The BRL-CAD Utility Library
    Mon, 23 Jun 2014 13:38:48 +0530, Compilation 0
    amit@amit-Inspiron-3521

Compile-time debug symbols are available
Running on unknown
Planning to run with 4 processors
/usr/brlcad/dev-7.25.0/bin//rt -M -o frontview.pix
opendb /home/amit/public_html/cgi-bin/BRLCAD/ballbearing.g;
tree ballbearing.c;
db title:  Untitled BRL-CAD Database
DIRBUILD: cpu = 0.000348 sec, elapsed = 0.00053 sec
    parent: 0.0user 0.0sys 0:00real 0% 0i+0d 3588maxrss 0+153pf 0+0csw
  children: 0.0user 0.0sys 0:00real 0% 0i+0d 0maxrss 0+0pf 0+0csw
Additional #malloc=111, #free=94, #realloc=5 (17 retained)
0x7fe6e02ef040 TOL 5.000000e-04 (sq=2.500000e-07) perp=1.000000e-06, para=9.999990e-01
BRL-CAD Release 7.25.0  The BRL-CAD Optical Shader Library
    Mon, 23 Jun 2014 13:38:48 +0530, Compilation 0
    amit@amit-Inspiron-3521
Additional #malloc=2053, #free=5, #realloc=1 (2048 retained)
GETTREE: cpu = 0.001656 sec, elapsed = 0.001358 sec
    parent: 0.0user 0.0sys 0:00real 0% 0i+0d 4602maxrss 0+110pf 28+1csw
  children: 0.0user 0.0sys 0:00real 0% 0i+0d 0maxrss 0+0pf 0+0csw
Additional #malloc=2014, #free=1884, #realloc=11 (130 retained)

...................Frame     0...................
PREP: cpu = 0.000285 sec, elapsed = 0.000323 sec
    parent: 0.0user 0.0sys 0:00real 0% 0i+0d 4602maxrss 0+26pf 0+0csw
  children: 0.0user 0.0sys 0:00real 0% 0i+0d 0maxrss 0+0pf 0+0csw
Additional #malloc=189, #free=103, #realloc=4 (86 retained)
NUBSP: 0 nu, 69 cut, 70 box (70 empty)
Tree: 12 solids in 3 regions
Model: X(0, 20), Y(-220, 220), Z(-220, 220)
View: 0 azimuth, 0 elevation off of front view
Orientation: 0.5, 0.5, 0.5, 0.5
Eye_pos: 1554.2, 0, 0
Size: 880mm
Grid: (1.71875, 1.71875) mm, (512, 512) pixels
Beam: radius=0.859375 mm, divergence=0 mm/1mm
Output file is 'frontview.pix' 512x512 pixels
Low overhead scanline-per-CPU buffering

SHOT: cpu = 0.532859 sec, elapsed = 0.137862 sec
    parent: 0.5user 0.0sys 0:00real 407% 0i+0d 8294maxrss 0+90pf 46+97csw
  children: 0.0user 0.0sys 0:00real 0% 0i+0d 0maxrss 0+0pf 0+0csw
Additional #malloc=618, #free=566, #realloc=3 (52 retained)
200121 solid/ray intersections: 156516 hits + 43605 miss
pruned 78.2%:  196095 model RPP, 0 dups skipped, 6408 solid RPP
Frame  0:     262144 pixels in      0.13 sec =   1967830.14 pixels/sec
Frame  0:     262144 rays   in      0.13 sec =   1967830.14 rays/sec (RTFM)
Frame  0:     262144 rays   in      0.53 sec =    491957.53 rays/CPU_sec
Frame  0:     262144 rays   in      0.14 sec =   1901495.70 rays/sec (wallclock)

./frontview: 17: ./frontview: rt: not found
BRL-CAD Release 7.25.0  The BRL-CAD Raytracer RT
    Mon, 23 Jun 2014 13:38:48 +0530, Compilation 0
    amit@amit-Inspiron-3521
BRL-CAD Release 7.25.0  The BRL-CAD Ray-Tracing Library
    Mon, 23 Jun 2014 13:38:48 +0530, Compilation 0
    amit@amit-Inspiron-3521
BRL-CAD Release 7.25.0  The BRL-CAD Numerical Computation Library
    Mon, 23 Jun 2014 13:38:48 +0530, Compilation 0
    amit@amit-Inspiron-3521
BRL-CAD Release 7.25.0  The BRL-CAD Utility Library
    Mon, 23 Jun 2014 13:38:48 +0530, Compilation 0
    amit@amit-Inspiron-3521

Compile-time debug symbols are available
Running on unknown
Planning to run with 4 processors
/usr/brlcad/dev-7.25.0/bin//rt -M -o frontview.pix
opendb /home/amit/public_html/cgi-bin/BRLCAD/ballbearing.g;
tree ballbearing.c;
db title:  Untitled BRL-CAD Database
DIRBUILD: cpu = 0.000349 sec, elapsed = 0.000572 sec
    parent: 0.0user 0.0sys 0:00real 0% 0i+0d 3588maxrss 0+153pf 0+1csw
  children: 0.0user 0.0sys 0:00real 0% 0i+0d 0maxrss 0+0pf 0+0csw
Additional #malloc=111, #free=94, #realloc=5 (17 retained)
0x7f1bc922f040 TOL 5.000000e-04 (sq=2.500000e-07) perp=1.000000e-06, para=9.999990e-01
BRL-CAD Release 7.25.0  The BRL-CAD Optical Shader Library
    Mon, 23 Jun 2014 13:38:48 +0530, Compilation 0
    amit@amit-Inspiron-3521
Additional #malloc=2053, #free=5, #realloc=1 (2048 retained)
GETTREE: cpu = 0.001537 sec, elapsed = 0.009147 sec
    parent: 0.0user 0.0sys 0:00real 0% 0i+0d 4598maxrss 1+101pf 35+1csw
  children: 0.0user 0.0sys 0:00real 0% 0i+0d 0maxrss 0+0pf 0+0csw
Additional #malloc=2007, #free=1883, #realloc=11 (124 retained)

...................Frame     0...................
PREP: cpu = 0.000386 sec, elapsed = 0.000447 sec
    parent: 0.0user 0.0sys 0:00real 0% 0i+0d 4598maxrss 0+26pf 0+0csw
  children: 0.0user 0.0sys 0:00real 0% 0i+0d 0maxrss 0+0pf 0+0csw
Additional #malloc=199, #free=108, #realloc=4 (91 retained)
NUBSP: 0 nu, 74 cut, 75 box (75 empty)
Tree: 12 solids in 3 regions
Model: X(0, 60), Y(-220, 220), Z(-220, 220)
View: 0 azimuth, 0 elevation off of front view
Orientation: 0.5, 0.5, 0.5, 0.5
Eye_pos: 1554.2, 0, 0
Size: 880mm
Grid: (1.71875, 1.71875) mm, (512, 512) pixels
Beam: radius=0.859375 mm, divergence=0 mm/1mm
Output file is 'frontview.pix' 512x512 pixels
Low overhead scanline-per-CPU buffering

SHOT: cpu = 0.529411 sec, elapsed = 0.150906 sec
    parent: 0.5user 0.0sys 0:00real 346% 0i+0d 8292maxrss 0+71pf 25+68csw
  children: 0.0user 0.0sys 0:00real 0% 0i+0d 0maxrss 0+0pf 0+0csw
Additional #malloc=618, #free=566, #realloc=3 (52 retained)
179850 solid/ray intersections: 137816 hits + 42034 miss
pruned 76.6%:  196095 model RPP, 0 dups skipped, 5847 solid RPP
Frame  0:     262144 pixels in      0.13 sec =   1980646.42 pixels/sec
Frame  0:     262144 rays   in      0.13 sec =   1980646.42 rays/sec (RTFM)
Frame  0:     262144 rays   in      0.53 sec =    495161.60 rays/CPU_sec
Frame  0:     262144 rays   in      0.15 sec =   1737134.38 rays/sec (wallclock)

./frontview: 17: ./frontview: rt: not found
./frontview: 32: ./frontview: rt: not found
BRL-CAD Release 7.25.0  The BRL-CAD Raytracer RT
    Mon, 23 Jun 2014 13:38:48 +0530, Compilation 0
    amit@amit-Inspiron-3521
BRL-CAD Release 7.25.0  The BRL-CAD Ray-Tracing Library
    Mon, 23 Jun 2014 13:38:48 +0530, Compilation 0
    amit@amit-Inspiron-3521
BRL-CAD Release 7.25.0  The BRL-CAD Numerical Computation Library
    Mon, 23 Jun 2014 13:38:48 +0530, Compilation 0
    amit@amit-Inspiron-3521
BRL-CAD Release 7.25.0  The BRL-CAD Utility Library
    Mon, 23 Jun 2014 13:38:48 +0530, Compilation 0
    amit@amit-Inspiron-3521

Compile-time debug symbols are available
Running on unknown
Planning to run with 4 processors
/usr/brlcad/dev-7.25.0/bin//rt -M -o frontview.pix
opendb /home/amit/public_html/cgi-bin/BRLCAD/ballbearing.g;
tree ballbearing.c;
db title:  Untitled BRL-CAD Database
DIRBUILD: cpu = 0.000343 sec, elapsed = 0.000531 sec
    parent: 0.0user 0.0sys 0:00real 0% 0i+0d 3588maxrss 0+153pf 0+0csw
  children: 0.0user 0.0sys 0:00real 0% 0i+0d 0maxrss 0+0pf 0+0csw
Additional #malloc=111, #free=94, #realloc=5 (17 retained)
0x7f18a782a040 TOL 5.000000e-04 (sq=2.500000e-07) perp=1.000000e-06, para=9.999990e-01
BRL-CAD Release 7.25.0  The BRL-CAD Optical Shader Library
    Mon, 23 Jun 2014 13:38:48 +0530, Compilation 0
    amit@amit-Inspiron-3521
Additional #malloc=2053, #free=5, #realloc=1 (2048 retained)
GETTREE: cpu = 0.00172 sec, elapsed = 0.001424 sec
    parent: 0.0user 0.0sys 0:00real 0% 0i+0d 4596maxrss 0+106pf 36+2csw
  children: 0.0user 0.0sys 0:00real 0% 0i+0d 0maxrss 0+0pf 0+0csw
Additional #malloc=2008, #free=1883, #realloc=11 (125 retained)

...................Frame     0...................
PREP: cpu = 0.000286 sec, elapsed = 0.000323 sec
    parent: 0.0user 0.0sys 0:00real 0% 0i+0d 4596maxrss 0+26pf 0+0csw
  children: 0.0user 0.0sys 0:00real 0% 0i+0d 0maxrss 0+0pf 0+0csw
Additional #malloc=189, #free=103, #realloc=4 (86 retained)
NUBSP: 0 nu, 69 cut, 70 box (70 empty)
Tree: 12 solids in 3 regions
Model: X(0, 20), Y(-220, 220), Z(-220, 220)
View: 0 azimuth, 0 elevation off of front view
Orientation: 0.5, 0.5, 0.5, 0.5
Eye_pos: 1554.2, 0, 0
Size: 880mm
Grid: (1.71875, 1.71875) mm, (512, 512) pixels
Beam: radius=0.859375 mm, divergence=0 mm/1mm
Output file is 'frontview.pix' 512x512 pixels
Low overhead scanline-per-CPU buffering

SHOT: cpu = 0.52505 sec, elapsed = 0.135319 sec
    parent: 0.5user 0.0sys 0:00real 371% 0i+0d 8290maxrss 0+78pf 54+90csw
  children: 0.0user 0.0sys 0:00real 0% 0i+0d 0maxrss 0+0pf 0+0csw
Additional #malloc=618, #free=566, #realloc=3 (52 retained)
200121 solid/ray intersections: 156516 hits + 43605 miss
pruned 78.2%:  196095 model RPP, 0 dups skipped, 6408 solid RPP
Frame  0:     262144 pixels in      0.13 sec =   1997097.42 pixels/sec
Frame  0:     262144 rays   in      0.13 sec =   1997097.42 rays/sec (RTFM)
Frame  0:     262144 rays   in      0.53 sec =    499274.35 rays/CPU_sec
Frame  0:     262144 rays   in      0.14 sec =   1937229.81 rays/sec (wallclock)

./frontview: 17: ./frontview: rt: not found
./frontview: 32: ./frontview: rt: not found
./frontview: 47: ./frontview: rt: not found
BRL-CAD Release 7.25.0  The BRL-CAD Raytracer RT
    Mon, 23 Jun 2014 13:38:48 +0530, Compilation 0
    amit@amit-Inspiron-3521
BRL-CAD Release 7.25.0  The BRL-CAD Ray-Tracing Library
    Mon, 23 Jun 2014 13:38:48 +0530, Compilation 0
    amit@amit-Inspiron-3521
BRL-CAD Release 7.25.0  The BRL-CAD Numerical Computation Library
    Mon, 23 Jun 2014 13:38:48 +0530, Compilation 0
    amit@amit-Inspiron-3521
BRL-CAD Release 7.25.0  The BRL-CAD Utility Library
    Mon, 23 Jun 2014 13:38:48 +0530, Compilation 0
    amit@amit-Inspiron-3521

Compile-time debug symbols are available
Running on unknown
Planning to run with 4 processors
/usr/brlcad/dev-7.25.0/bin//rt -M -o frontview.pix
opendb /home/amit/public_html/cgi-bin/BRLCAD/ballbearing.g;
tree ballbearing.c;
db title:  Untitled BRL-CAD Database
DIRBUILD: cpu = 0.000386 sec, elapsed = 0.000611 sec
    parent: 0.0user 0.0sys 0:00real 0% 0i+0d 3590maxrss 0+153pf 0+0csw
  children: 0.0user 0.0sys 0:00real 0% 0i+0d 0maxrss 0+0pf 0+0csw
Additional #malloc=111, #free=94, #realloc=5 (17 retained)
0x7f3df4b8a040 TOL 5.000000e-04 (sq=2.500000e-07) perp=1.000000e-06, para=9.999990e-01
BRL-CAD Release 7.25.0  The BRL-CAD Optical Shader Library
    Mon, 23 Jun 2014 13:38:48 +0530, Compilation 0
    amit@amit-Inspiron-3521
Additional #malloc=2053, #free=5, #realloc=1 (2048 retained)
GETTREE: cpu = 0.001781 sec, elapsed = 0.001435 sec
    parent: 0.0user 0.0sys 0:00real 0% 0i+0d 4598maxrss 0+112pf 38+3csw
  children: 0.0user 0.0sys 0:00real 0% 0i+0d 0maxrss 0+0pf 0+0csw
Additional #malloc=2013, #free=1885, #realloc=11 (128 retained)

...................Frame     0...................
PREP: cpu = 0.000312 sec, elapsed = 0.000353 sec
    parent: 0.0user 0.0sys 0:00real 0% 0i+0d 4598maxrss 0+26pf 0+0csw
  children: 0.0user 0.0sys 0:00real 0% 0i+0d 0maxrss 0+0pf 0+0csw
Additional #malloc=189, #free=103, #realloc=4 (86 retained)
NUBSP: 0 nu, 69 cut, 70 box (70 empty)
Tree: 12 solids in 3 regions
Model: X(0, 20), Y(-220, 220), Z(-220, 220)
View: 0 azimuth, 0 elevation off of front view
Orientation: 0.5, 0.5, 0.5, 0.5
Eye_pos: 1554.2, 0, 0
Size: 880mm
Grid: (1.71875, 1.71875) mm, (512, 512) pixels
Beam: radius=0.859375 mm, divergence=0 mm/1mm
Output file is 'frontview.pix' 512x512 pixels
Low overhead scanline-per-CPU buffering

SHOT: cpu = 0.520955 sec, elapsed = 0.137657 sec
    parent: 0.5user 0.0sys 0:00real 371% 0i+0d 8294maxrss 0+65pf 35+86csw
  children: 0.0user 0.0sys 0:00real 0% 0i+0d 0maxrss 0+0pf 0+0csw
Additional #malloc=618, #free=566, #realloc=3 (52 retained)
200121 solid/ray intersections: 156516 hits + 43605 miss
pruned 78.2%:  196095 model RPP, 0 dups skipped, 6408 solid RPP
Frame  0:     262144 pixels in      0.13 sec =   2012795.73 pixels/sec
Frame  0:     262144 rays   in      0.13 sec =   2012795.73 rays/sec (RTFM)
Frame  0:     262144 rays   in      0.52 sec =    503198.93 rays/CPU_sec
Frame  0:     262144 rays   in      0.14 sec =   1904327.42 rays/sec (wallclock)

./frontview: 17: ./frontview: rt: not found
./frontview: 32: ./frontview: rt: not found
./frontview: 47: ./frontview: rt: not found
./frontview: 62: ./frontview: rt: not found
BRL-CAD Release 7.25.0  The BRL-CAD Raytracer RT
    Mon, 23 Jun 2014 13:38:48 +0530, Compilation 0
    amit@amit-Inspiron-3521
BRL-CAD Release 7.25.0  The BRL-CAD Ray-Tracing Library
    Mon, 23 Jun 2014 13:38:48 +0530, Compilation 0
    amit@amit-Inspiron-3521
BRL-CAD Release 7.25.0  The BRL-CAD Numerical Computation Library
    Mon, 23 Jun 2014 13:38:48 +0530, Compilation 0
    amit@amit-Inspiron-3521
BRL-CAD Release 7.25.0  The BRL-CAD Utility Library
    Mon, 23 Jun 2014 13:38:48 +0530, Compilation 0
    amit@amit-Inspiron-3521

Compile-time debug symbols are available
Running on unknown
Planning to run with 4 processors
/usr/brlcad/dev-7.25.0/bin//rt -M -o frontview.pix
opendb /home/amit/public_html/cgi-bin/BRLCAD/ballbearing.g;
tree ballbearing.c;
db title:  Untitled BRL-CAD Database
DIRBUILD: cpu = 0.000343 sec, elapsed = 0.000529 sec
    parent: 0.0user 0.0sys 0:00real 0% 0i+0d 3590maxrss 0+153pf 0+0csw
  children: 0.0user 0.0sys 0:00real 0% 0i+0d 0maxrss 0+0pf 0+0csw
Additional #malloc=111, #free=94, #realloc=5 (17 retained)
0x7f696435b040 TOL 5.000000e-04 (sq=2.500000e-07) perp=1.000000e-06, para=9.999990e-01
BRL-CAD Release 7.25.0  The BRL-CAD Optical Shader Library
    Mon, 23 Jun 2014 13:38:48 +0530, Compilation 0
    amit@amit-Inspiron-3521
Additional #malloc=2053, #free=5, #realloc=1 (2048 retained)
GETTREE: cpu = 0.001594 sec, elapsed = 0.001474 sec
    parent: 0.0user 0.0sys 0:00real 0% 0i+0d 4598maxrss 0+108pf 27+1csw
  children: 0.0user 0.0sys 0:00real 0% 0i+0d 0maxrss 0+0pf 0+0csw
Additional #malloc=2013, #free=1883, #realloc=11 (130 retained)

...................Frame     0...................
PREP: cpu = 0.000297 sec, elapsed = 0.000334 sec
    parent: 0.0user 0.0sys 0:00real 0% 0i+0d 4598maxrss 0+26pf 0+0csw
  children: 0.0user 0.0sys 0:00real 0% 0i+0d 0maxrss 0+0pf 0+0csw
Additional #malloc=203, #free=110, #realloc=4 (93 retained)
NUBSP: 0 nu, 76 cut, 77 box (77 empty)
Tree: 12 solids in 3 regions
Model: X(0, 80), Y(-320, 320), Z(-320, 320)
View: 0 azimuth, 0 elevation off of front view
Orientation: 0.5, 0.5, 0.5, 0.5
Eye_pos: 1554.2, 0, 0
Size: 880mm
Grid: (1.71875, 1.71875) mm, (512, 512) pixels
Beam: radius=0.859375 mm, divergence=0 mm/1mm
Output file is 'frontview.pix' 512x512 pixels
Low overhead scanline-per-CPU buffering

SHOT: cpu = 0.881383 sec, elapsed = 0.229185 sec
    parent: 0.8user 0.0sys 0:00real 382% 0i+0d 8294maxrss 0+79pf 34+139csw
  children: 0.0user 0.0sys 0:00real 0% 0i+0d 0maxrss 0+0pf 0+0csw
Additional #malloc=618, #free=566, #realloc=3 (52 retained)
400467 solid/ray intersections: 312232 hits + 88235 miss
pruned 78.0%:  123015 model RPP, 0 dups skipped, 10634 solid RPP
Frame  0:     262144 pixels in      0.22 sec =   1189693.92 pixels/sec
Frame  0:     262144 rays   in      0.22 sec =   1189693.92 rays/sec (RTFM)
Frame  0:     262144 rays   in      0.88 sec =    297423.48 rays/CPU_sec
Frame  0:     262144 rays   in      0.23 sec =   1143809.59 rays/sec (wallclock)

./frontview: 17: ./frontview: rt: not found
./frontview: 32: ./frontview: rt: not found
./frontview: 47: ./frontview: rt: not found
./frontview: 62: ./frontview: rt: not found
./frontview: 77: ./frontview: rt: not found
BRL-CAD Release 7.25.0  The BRL-CAD Raytracer RT
    Mon, 23 Jun 2014 13:38:48 +0530, Compilation 0
    amit@amit-Inspiron-3521
BRL-CAD Release 7.25.0  The BRL-CAD Ray-Tracing Library
    Mon, 23 Jun 2014 13:38:48 +0530, Compilation 0
    amit@amit-Inspiron-3521
BRL-CAD Release 7.25.0  The BRL-CAD Numerical Computation Library
    Mon, 23 Jun 2014 13:38:48 +0530, Compilation 0
    amit@amit-Inspiron-3521
BRL-CAD Release 7.25.0  The BRL-CAD Utility Library
    Mon, 23 Jun 2014 13:38:48 +0530, Compilation 0
    amit@amit-Inspiron-3521

Compile-time debug symbols are available
Running on unknown
Planning to run with 4 processors
/usr/brlcad/dev-7.25.0/bin//rt -M -o frontview.pix
opendb /home/amit/public_html/cgi-bin/BRLCAD/ballbearing.g;
tree ballbearing.c;
db title:  Untitled BRL-CAD Database
DIRBUILD: cpu = 0.000353 sec, elapsed = 0.000551 sec
    parent: 0.0user 0.0sys 0:00real 0% 0i+0d 3588maxrss 0+153pf 0+0csw
  children: 0.0user 0.0sys 0:00real 0% 0i+0d 0maxrss 0+0pf 0+0csw
Additional #malloc=111, #free=94, #realloc=5 (17 retained)
0x7f82f742f040 TOL 5.000000e-04 (sq=2.500000e-07) perp=1.000000e-06, para=9.999990e-01
BRL-CAD Release 7.25.0  The BRL-CAD Optical Shader Library
    Mon, 23 Jun 2014 13:38:48 +0530, Compilation 0
    amit@amit-Inspiron-3521
Additional #malloc=2053, #free=5, #realloc=1 (2048 retained)
GETTREE: cpu = 0.001567 sec, elapsed = 0.015618 sec
    parent: 0.0user 0.0sys 0:00real 0% 0i+0d 4596maxrss 2+102pf 29+2csw
  children: 0.0user 0.0sys 0:00real 0% 0i+0d 0maxrss 0+0pf 0+0csw
Additional #malloc=2009, #free=1881, #realloc=11 (128 retained)

...................Frame     0...................
PREP: cpu = 0.000367 sec, elapsed = 0.000432 sec
    parent: 0.0user 0.0sys 0:00real 0% 0i+0d 4596maxrss 0+26pf 0+0csw
  children: 0.0user 0.0sys 0:00real 0% 0i+0d 0maxrss 0+0pf 0+0csw
Additional #malloc=199, #free=108, #realloc=4 (91 retained)
NUBSP: 0 nu, 74 cut, 75 box (75 empty)
Tree: 12 solids in 3 regions
Model: X(0, 60), Y(-220, 220), Z(-220, 220)
View: 0 azimuth, 0 elevation off of front view
Orientation: 0.5, 0.5, 0.5, 0.5
Eye_pos: 1554.2, 0, 0
Size: 880mm
Grid: (1.71875, 1.71875) mm, (512, 512) pixels
Beam: radius=0.859375 mm, divergence=0 mm/1mm
Output file is 'frontview.pix' 512x512 pixels
Low overhead scanline-per-CPU buffering

SHOT: cpu = 0.523114 sec, elapsed = 0.140714 sec
    parent: 0.5user 0.0sys 0:00real 371% 0i+0d 8292maxrss 0+75pf 29+100csw
  children: 0.0user 0.0sys 0:00real 0% 0i+0d 0maxrss 0+0pf 0+0csw
Additional #malloc=617, #free=566, #realloc=3 (51 retained)
179850 solid/ray intersections: 137816 hits + 42034 miss
pruned 76.6%:  196095 model RPP, 0 dups skipped, 5847 solid RPP
Frame  0:     262144 pixels in      0.13 sec =   2004488.51 pixels/sec
Frame  0:     262144 rays   in      0.13 sec =   2004488.51 rays/sec (RTFM)
Frame  0:     262144 rays   in      0.52 sec =    501122.13 rays/CPU_sec
Frame  0:     262144 rays   in      0.14 sec =   1862956.07 rays/sec (wallclock)

./frontview: 17: ./frontview: rt: not found
./frontview: 32: ./frontview: rt: not found
./frontview: 47: ./frontview: rt: not found
./frontview: 62: ./frontview: rt: not found
./frontview: 77: ./frontview: rt: not found
./frontview: 92: ./frontview: rt: not found
BRL-CAD Release 7.25.0  The BRL-CAD Raytracer RT
    Mon, 23 Jun 2014 13:38:48 +0530, Compilation 0
    amit@amit-Inspiron-3521
BRL-CAD Release 7.25.0  The BRL-CAD Ray-Tracing Library
    Mon, 23 Jun 2014 13:38:48 +0530, Compilation 0
    amit@amit-Inspiron-3521
BRL-CAD Release 7.25.0  The BRL-CAD Numerical Computation Library
    Mon, 23 Jun 2014 13:38:48 +0530, Compilation 0
    amit@amit-Inspiron-3521
BRL-CAD Release 7.25.0  The BRL-CAD Utility Library
    Mon, 23 Jun 2014 13:38:48 +0530, Compilation 0
    amit@amit-Inspiron-3521

Compile-time debug symbols are available
Running on unknown
Planning to run with 4 processors
/usr/brlcad/dev-7.25.0/bin//rt -M -o frontview.pix
opendb /home/amit/public_html/cgi-bin/BRLCAD/ballbearing.g;
tree ballbearing.c;
db title:  Untitled BRL-CAD Database
DIRBUILD: cpu = 0.000353 sec, elapsed = 0.000547 sec
    parent: 0.0user 0.0sys 0:00real 0% 0i+0d 3588maxrss 0+153pf 0+0csw
  children: 0.0user 0.0sys 0:00real 0% 0i+0d 0maxrss 0+0pf 0+0csw
Additional #malloc=111, #free=94, #realloc=5 (17 retained)
0x7fd5ede4c040 TOL 5.000000e-04 (sq=2.500000e-07) perp=1.000000e-06, para=9.999990e-01
BRL-CAD Release 7.25.0  The BRL-CAD Optical Shader Library
    Mon, 23 Jun 2014 13:38:48 +0530, Compilation 0
    amit@amit-Inspiron-3521
Additional #malloc=2053, #free=5, #realloc=1 (2048 retained)
GETTREE: cpu = 0.001588 sec, elapsed = 0.012967 sec
    parent: 0.0user 0.0sys 0:00real 0% 0i+0d 4596maxrss 1+101pf 5+1csw
  children: 0.0user 0.0sys 0:00real 0% 0i+0d 0maxrss 0+0pf 0+0csw
Additional #malloc=2014, #free=1885, #realloc=11 (129 retained)

...................Frame     0...................
PREP: cpu = 0.000305 sec, elapsed = 0.00036 sec
    parent: 0.0user 0.0sys 0:00real 0% 0i+0d 4596maxrss 0+26pf 0+0csw
  children: 0.0user 0.0sys 0:00real 0% 0i+0d 0maxrss 0+0pf 0+0csw
Additional #malloc=199, #free=108, #realloc=4 (91 retained)
NUBSP: 0 nu, 74 cut, 75 box (75 empty)
Tree: 12 solids in 3 regions
Model: X(0, 60), Y(-220, 220), Z(-220, 220)
View: 0 azimuth, 0 elevation off of front view
Orientation: 0.5, 0.5, 0.5, 0.5
Eye_pos: 1554.2, 0, 0
Size: 880mm
Grid: (1.71875, 1.71875) mm, (512, 512) pixels
Beam: radius=0.859375 mm, divergence=0 mm/1mm
Output file is 'frontview.pix' 512x512 pixels
Low overhead scanline-per-CPU buffering

SHOT: cpu = 0.529789 sec, elapsed = 0.139629 sec
    parent: 0.5user 0.0sys 0:00real 371% 0i+0d 8292maxrss 0+65pf 25+85csw
  children: 0.0user 0.0sys 0:00real 0% 0i+0d 0maxrss 0+0pf 0+0csw
Additional #malloc=618, #free=566, #realloc=3 (52 retained)
179850 solid/ray intersections: 137816 hits + 42034 miss
pruned 76.6%:  196095 model RPP, 0 dups skipped, 5847 solid RPP
Frame  0:     262144 pixels in      0.13 sec =   1979233.24 pixels/sec
Frame  0:     262144 rays   in      0.13 sec =   1979233.24 rays/sec (RTFM)
Frame  0:     262144 rays   in      0.53 sec =    494808.31 rays/CPU_sec
Frame  0:     262144 rays   in      0.14 sec =   1877432.34 rays/sec (wallclock)

./frontview: 17: ./frontview: rt: not found
./frontview: 32: ./frontview: rt: not found
./frontview: 47: ./frontview: rt: not found
./frontview: 62: ./frontview: rt: not found
./frontview: 77: ./frontview: rt: not found
./frontview: 92: ./frontview: rt: not found
./frontview: 107: ./frontview: rt: not found
BRL-CAD Release 7.25.0  The BRL-CAD Raytracer RT
    Mon, 23 Jun 2014 13:38:48 +0530, Compilation 0
    amit@amit-Inspiron-3521
BRL-CAD Release 7.25.0  The BRL-CAD Ray-Tracing Library
    Mon, 23 Jun 2014 13:38:48 +0530, Compilation 0
    amit@amit-Inspiron-3521
BRL-CAD Release 7.25.0  The BRL-CAD Numerical Computation Library
    Mon, 23 Jun 2014 13:38:48 +0530, Compilation 0
    amit@amit-Inspiron-3521
BRL-CAD Release 7.25.0  The BRL-CAD Utility Library
    Mon, 23 Jun 2014 13:38:48 +0530, Compilation 0
    amit@amit-Inspiron-3521

Compile-time debug symbols are available
Running on unknown
Planning to run with 4 processors
/usr/brlcad/dev-7.25.0/bin//rt -M -o frontview.pix
opendb /home/amit/public_html/cgi-bin/BRLCAD/ballbearing.g;
tree ballbearing.c;
db title:  Untitled BRL-CAD Database
DIRBUILD: cpu = 0.00043 sec, elapsed = 0.000665 sec
    parent: 0.0user 0.0sys 0:00real 0% 0i+0d 3588maxrss 0+153pf 0+0csw
  children: 0.0user 0.0sys 0:00real 0% 0i+0d 0maxrss 0+0pf 0+0csw
Additional #malloc=111, #free=94, #realloc=5 (17 retained)
0x7f328e6e8040 TOL 5.000000e-04 (sq=2.500000e-07) perp=1.000000e-06, para=9.999990e-01
BRL-CAD Release 7.25.0  The BRL-CAD Optical Shader Library
    Mon, 23 Jun 2014 13:38:48 +0530, Compilation 0
    amit@amit-Inspiron-3521
Additional #malloc=2053, #free=5, #realloc=1 (2048 retained)
GETTREE: cpu = 0.001993 sec, elapsed = 0.001627 sec
    parent: 0.0user 0.0sys 0:00real 0% 0i+0d 4596maxrss 0+110pf 23+1csw
  children: 0.0user 0.0sys 0:00real 0% 0i+0d 0maxrss 0+0pf 0+0csw
Additional #malloc=2000, #free=1887, #realloc=11 (113 retained)

...................Frame     0...................
PREP: cpu = 0.000318 sec, elapsed = 0.000397 sec
    parent: 0.0user 0.0sys 0:00real 0% 0i+0d 4596maxrss 0+24pf 0+1csw
  children: 0.0user 0.0sys 0:00real 0% 0i+0d 0maxrss 0+0pf 0+0csw
Additional #malloc=168, #free=93, #realloc=4 (75 retained)
NUBSP: 0 nu, 59 cut, 60 box (60 empty)
Tree: 12 solids in 3 regions
Model: X(0, 20), Y(-260, 260), Z(-260, 260)
View: 0 azimuth, 0 elevation off of front view
Orientation: 0.5, 0.5, 0.5, 0.5
Eye_pos: 1554.2, 0, 0
Size: 880mm
Grid: (1.71875, 1.71875) mm, (512, 512) pixels
Beam: radius=0.859375 mm, divergence=0 mm/1mm
Output file is 'frontview.pix' 512x512 pixels
Low overhead scanline-per-CPU buffering

SHOT: cpu = 0.668656 sec, elapsed = 0.17218 sec
    parent: 0.6user 0.0sys 0:00real 366% 0i+0d 8290maxrss 0+86pf 45+115csw
  children: 0.0user 0.0sys 0:00real 0% 0i+0d 0maxrss 0+0pf 0+0csw
Additional #malloc=618, #free=566, #realloc=3 (52 retained)
294161 solid/ray intersections: 228036 hits + 66125 miss
pruned 77.5%:  170335 model RPP, 0 dups skipped, 8764 solid RPP
Frame  0:     262144 pixels in      0.17 sec =   1568184.54 pixels/sec
Frame  0:     262144 rays   in      0.17 sec =   1568184.54 rays/sec (RTFM)
Frame  0:     262144 rays   in      0.67 sec =    392046.13 rays/CPU_sec
Frame  0:     262144 rays   in      0.17 sec =   1522499.71 rays/sec (wallclock)

./frontview: 17: ./frontview: rt: not found
./frontview: 32: ./frontview: rt: not found
./frontview: 47: ./frontview: rt: not found
./frontview: 62: ./frontview: rt: not found
./frontview: 77: ./frontview: rt: not found
./frontview: 92: ./frontview: rt: not found
./frontview: 107: ./frontview: rt: not found
./frontview: 122: ./frontview: rt: not found
BRL-CAD Release 7.25.0  The BRL-CAD Raytracer RT
    Mon, 23 Jun 2014 13:38:48 +0530, Compilation 0
    amit@amit-Inspiron-3521
BRL-CAD Release 7.25.0  The BRL-CAD Ray-Tracing Library
    Mon, 23 Jun 2014 13:38:48 +0530, Compilation 0
    amit@amit-Inspiron-3521
BRL-CAD Release 7.25.0  The BRL-CAD Numerical Computation Library
    Mon, 23 Jun 2014 13:38:48 +0530, Compilation 0
    amit@amit-Inspiron-3521
BRL-CAD Release 7.25.0  The BRL-CAD Utility Library
    Mon, 23 Jun 2014 13:38:48 +0530, Compilation 0
    amit@amit-Inspiron-3521

Compile-time debug symbols are available
Running on unknown
Planning to run with 4 processors
/usr/brlcad/dev-7.25.0/bin//rt -M -o frontview.pix
opendb /home/amit/public_html/cgi-bin/BRLCAD/ballbearing.g;
tree ballbearing.c;
db title:  Untitled BRL-CAD Database
DIRBUILD: cpu = 0.000372 sec, elapsed = 0.000578 sec
    parent: 0.0user 0.0sys 0:00real 0% 0i+0d 4610maxrss 0+153pf 0+0csw
  children: 0.0user 0.0sys 0:00real 0% 0i+0d 0maxrss 0+0pf 0+0csw
Additional #malloc=111, #free=94, #realloc=5 (17 retained)
0x7ffee5d00040 TOL 5.000000e-04 (sq=2.500000e-07) perp=1.000000e-06, para=9.999990e-01
BRL-CAD Release 7.25.0  The BRL-CAD Optical Shader Library
    Mon, 23 Jun 2014 13:38:48 +0530, Compilation 0
    amit@amit-Inspiron-3521
Additional #malloc=2053, #free=5, #realloc=1 (2048 retained)
GETTREE: cpu = 0.001802 sec, elapsed = 0.001538 sec
    parent: 0.0user 0.0sys 0:00real 0% 0i+0d 5618maxrss 0+116pf 31+1csw
  children: 0.0user 0.0sys 0:00real 0% 0i+0d 0maxrss 0+0pf 0+0csw
Additional #malloc=2008, #free=1886, #realloc=11 (122 retained)

...................Frame     0...................
PREP: cpu = 0.000295 sec, elapsed = 0.00033 sec
    parent: 0.0user 0.0sys 0:00real 0% 0i+0d 5618maxrss 0+24pf 0+0csw
  children: 0.0user 0.0sys 0:00real 0% 0i+0d 0maxrss 0+0pf 0+0csw
Additional #malloc=170, #free=94, #realloc=4 (76 retained)
NUBSP: 0 nu, 60 cut, 61 box (61 empty)
Tree: 12 solids in 3 regions
Model: X(0, 180), Y(-200, 200), Z(-200, 200)
View: 0 azimuth, 0 elevation off of front view
Orientation: 0.5, 0.5, 0.5, 0.5
Eye_pos: 1554.2, 0, 0
Size: 880mm
Grid: (1.71875, 1.71875) mm, (512, 512) pixels
Beam: radius=0.859375 mm, divergence=0 mm/1mm
Output file is 'frontview.pix' 512x512 pixels
Low overhead scanline-per-CPU buffering

SHOT: cpu = 0.591212 sec, elapsed = 0.152246 sec
    parent: 0.5user 0.0sys 0:00real 368% 0i+0d 9310maxrss 0+74pf 54+103csw
  children: 0.0user 0.0sys 0:00real 0% 0i+0d 0maxrss 0+0pf 0+0csw
Additional #malloc=650, #free=566, #realloc=3 (84 retained)
197928 solid/ray intersections: 154896 hits + 43032 miss
pruned 78.3%:  207855 model RPP, 0 dups skipped, 21176 solid RPP
Frame  0:     262144 pixels in      0.15 sec =   1773604.05 pixels/sec
Frame  0:     262144 rays   in      0.15 sec =   1773604.05 rays/sec (RTFM)
Frame  0:     262144 rays   in      0.59 sec =    443401.01 rays/CPU_sec
Frame  0:     262144 rays   in      0.15 sec =   1721844.91 rays/sec (wallclock)

./frontview: 17: ./frontview: rt: not found
./frontview: 32: ./frontview: rt: not found
./frontview: 47: ./frontview: rt: not found
./frontview: 62: ./frontview: rt: not found
./frontview: 77: ./frontview: rt: not found
./frontview: 92: ./frontview: rt: not found
./frontview: 107: ./frontview: rt: not found
./frontview: 122: ./frontview: rt: not found
./frontview: 137: ./frontview: rt: not found
