BRL-CAD Release 7.25.0  The BRL-CAD Raytracer RT
    Mon, 23 Jun 2014 13:38:48 +0530, Compilation 0
    amit@amit-Inspiron-3521
BRL-CAD Release 7.25.0  The BRL-CAD Ray-Tracing Library
    Mon, 23 Jun 2014 13:38:48 +0530, Compilation 0
    amit@amit-Inspiron-3521
BRL-CAD Release 7.25.0  The BRL-CAD Numerical Computation Library
    Mon, 23 Jun 2014 13:38:48 +0530, Compilation 0
    amit@amit-Inspiron-3521
BRL-CAD Release 7.25.0  The BRL-CAD Utility Library
    Mon, 23 Jun 2014 13:38:48 +0530, Compilation 0
    amit@amit-Inspiron-3521

Compile-time debug symbols are available
Running on unknown
Planning to run with 4 processors
/usr/brlcad/dev-7.25.0/bin//rt -M -o sideview.pix
opendb /home/amit/public_html/cgi-bin/BRLCAD/ballbearing.g;
tree ballbearing.c;
db title:  Untitled BRL-CAD Database
DIRBUILD: cpu = 0.000344 sec, elapsed = 0.000522 sec
    parent: 0.0user 0.0sys 0:00real 0% 0i+0d 3590maxrss 0+153pf 0+0csw
  children: 0.0user 0.0sys 0:00real 0% 0i+0d 0maxrss 0+0pf 0+0csw
Additional #malloc=111, #free=94, #realloc=5 (17 retained)
0x7f70c2753040 TOL 5.000000e-04 (sq=2.500000e-07) perp=1.000000e-06, para=9.999990e-01
BRL-CAD Release 7.25.0  The BRL-CAD Optical Shader Library
    Mon, 23 Jun 2014 13:38:48 +0530, Compilation 0
    amit@amit-Inspiron-3521
Additional #malloc=2053, #free=5, #realloc=1 (2048 retained)
GETTREE: cpu = 0.001719 sec, elapsed = 0.00145 sec
    parent: 0.0user 0.0sys 0:00real 0% 0i+0d 4598maxrss 0+110pf 34+0csw
  children: 0.0user 0.0sys 0:00real 0% 0i+0d 0maxrss 0+0pf 0+0csw
Additional #malloc=2010, #free=1879, #realloc=11 (131 retained)

...................Frame     0...................
PREP: cpu = 0.000293 sec, elapsed = 0.00033 sec
    parent: 0.0user 0.0sys 0:00real 0% 0i+0d 4598maxrss 0+26pf 0+0csw
  children: 0.0user 0.0sys 0:00real 0% 0i+0d 0maxrss 0+0pf 0+0csw
Additional #malloc=199, #free=108, #realloc=4 (91 retained)
NUBSP: 0 nu, 74 cut, 75 box (75 empty)
Tree: 12 solids in 3 regions
Model: X(0, 60), Y(-220, 220), Z(-220, 220)
View: 270 azimuth, -7.63333e-14 elevation off of front view
Orientation: 0.707107, 0, 0, 0.707107
Eye_pos: 30, -1524.2, 0
Size: 880mm
Grid: (1.71875, 1.71875) mm, (512, 512) pixels
Beam: radius=0.859375 mm, divergence=0 mm/1mm
Output file is 'sideview.pix' 512x512 pixels
Low overhead scanline-per-CPU buffering

SHOT: cpu = 0.276037 sec, elapsed = 0.070917 sec
    parent: 0.2user 0.0sys 0:00real 385% 0i+0d 8302maxrss 0+75pf 31+39csw
  children: 0.0user 0.0sys 0:00real 0% 0i+0d 0maxrss 0+0pf 0+0csw
Additional #malloc=650, #free=566, #realloc=3 (84 retained)
25640 solid/ray intersections: 20504 hits + 5136 miss
pruned 80.0%:  253184 model RPP, 52802 dups skipped, 2222 solid RPP
Frame  0:     262144 pixels in      0.07 sec =   3798679.16 pixels/sec
Frame  0:     262144 rays   in      0.07 sec =   3798679.16 rays/sec (RTFM)
Frame  0:     262144 rays   in      0.28 sec =    949669.79 rays/CPU_sec
Frame  0:     262144 rays   in      0.07 sec =   3696490.26 rays/sec (wallclock)

BRL-CAD Release 7.25.0  The BRL-CAD Raytracer RT
    Mon, 23 Jun 2014 13:38:48 +0530, Compilation 0
    amit@amit-Inspiron-3521
BRL-CAD Release 7.25.0  The BRL-CAD Ray-Tracing Library
    Mon, 23 Jun 2014 13:38:48 +0530, Compilation 0
    amit@amit-Inspiron-3521
BRL-CAD Release 7.25.0  The BRL-CAD Numerical Computation Library
    Mon, 23 Jun 2014 13:38:48 +0530, Compilation 0
    amit@amit-Inspiron-3521
BRL-CAD Release 7.25.0  The BRL-CAD Utility Library
    Mon, 23 Jun 2014 13:38:48 +0530, Compilation 0
    amit@amit-Inspiron-3521

Compile-time debug symbols are available
Running on unknown
Planning to run with 4 processors
/usr/brlcad/dev-7.25.0/bin//rt -M -o sideview.pix
opendb /home/amit/public_html/cgi-bin/BRLCAD/ballbearing.g;
tree ballbearing.c;
db title:  Untitled BRL-CAD Database
DIRBUILD: cpu = 0.000342 sec, elapsed = 0.000519 sec
    parent: 0.0user 0.0sys 0:00real 0% 0i+0d 3590maxrss 0+153pf 0+0csw
  children: 0.0user 0.0sys 0:00real 0% 0i+0d 0maxrss 0+0pf 0+0csw
Additional #malloc=111, #free=94, #realloc=5 (17 retained)
0x7fe23c64f040 TOL 5.000000e-04 (sq=2.500000e-07) perp=1.000000e-06, para=9.999990e-01
BRL-CAD Release 7.25.0  The BRL-CAD Optical Shader Library
    Mon, 23 Jun 2014 13:38:48 +0530, Compilation 0
    amit@amit-Inspiron-3521
Additional #malloc=2053, #free=5, #realloc=1 (2048 retained)
GETTREE: cpu = 0.001502 sec, elapsed = 0.00178 sec
    parent: 0.0user 0.0sys 0:00real 0% 0i+0d 4598maxrss 0+102pf 17+1csw
  children: 0.0user 0.0sys 0:00real 0% 0i+0d 0maxrss 0+0pf 0+0csw
Additional #malloc=2013, #free=1887, #realloc=11 (126 retained)

...................Frame     0...................
PREP: cpu = 0.000284 sec, elapsed = 0.000322 sec
    parent: 0.0user 0.0sys 0:00real 0% 0i+0d 4598maxrss 0+26pf 0+0csw
  children: 0.0user 0.0sys 0:00real 0% 0i+0d 0maxrss 0+0pf 0+0csw
Additional #malloc=189, #free=103, #realloc=4 (86 retained)
NUBSP: 0 nu, 69 cut, 70 box (70 empty)
Tree: 12 solids in 3 regions
Model: X(0, 20), Y(-220, 220), Z(-220, 220)
View: 270 azimuth, -7.63333e-14 elevation off of front view
Orientation: 0.707107, 0, 0, 0.707107
Eye_pos: 30, -1524.2, 0
Size: 880mm
Grid: (1.71875, 1.71875) mm, (512, 512) pixels
Beam: radius=0.859375 mm, divergence=0 mm/1mm
Output file is 'sideview.pix' 512x512 pixels
Low overhead scanline-per-CPU buffering

SHOT: cpu = 0.221649 sec, elapsed = 0.061491 sec
    parent: 0.2user 0.0sys 0:00real 366% 0i+0d 8302maxrss 0+78pf 44+45csw
  children: 0.0user 0.0sys 0:00real 0% 0i+0d 0maxrss 0+0pf 0+0csw
Additional #malloc=666, #free=566, #realloc=3 (100 retained)
9288 solid/ray intersections: 9010 hits + 278 miss
pruned 97.0%:  259072 model RPP, 31104 dups skipped, 696 solid RPP
Frame  0:     262144 pixels in      0.06 sec =   4730795.09 pixels/sec
Frame  0:     262144 rays   in      0.06 sec =   4730795.09 rays/sec (RTFM)
Frame  0:     262144 rays   in      0.22 sec =   1182698.77 rays/CPU_sec
Frame  0:     262144 rays   in      0.06 sec =   4263127.94 rays/sec (wallclock)

./sideview: 17: ./sideview: rt: not found
BRL-CAD Release 7.25.0  The BRL-CAD Raytracer RT
    Mon, 23 Jun 2014 13:38:48 +0530, Compilation 0
    amit@amit-Inspiron-3521
BRL-CAD Release 7.25.0  The BRL-CAD Ray-Tracing Library
    Mon, 23 Jun 2014 13:38:48 +0530, Compilation 0
    amit@amit-Inspiron-3521
BRL-CAD Release 7.25.0  The BRL-CAD Numerical Computation Library
    Mon, 23 Jun 2014 13:38:48 +0530, Compilation 0
    amit@amit-Inspiron-3521
BRL-CAD Release 7.25.0  The BRL-CAD Utility Library
    Mon, 23 Jun 2014 13:38:48 +0530, Compilation 0
    amit@amit-Inspiron-3521

Compile-time debug symbols are available
Running on unknown
Planning to run with 4 processors
/usr/brlcad/dev-7.25.0/bin//rt -M -o sideview.pix
opendb /home/amit/public_html/cgi-bin/BRLCAD/ballbearing.g;
tree ballbearing.c;
db title:  Untitled BRL-CAD Database
DIRBUILD: cpu = 0.000582 sec, elapsed = 0.000873 sec
    parent: 0.0user 0.0sys 0:00real 0% 0i+0d 3588maxrss 0+153pf 0+0csw
  children: 0.0user 0.0sys 0:00real 0% 0i+0d 0maxrss 0+0pf 0+0csw
Additional #malloc=111, #free=94, #realloc=5 (17 retained)
0x7f1c36c7d040 TOL 5.000000e-04 (sq=2.500000e-07) perp=1.000000e-06, para=9.999990e-01
BRL-CAD Release 7.25.0  The BRL-CAD Optical Shader Library
    Mon, 23 Jun 2014 13:38:48 +0530, Compilation 0
    amit@amit-Inspiron-3521
Additional #malloc=2053, #free=5, #realloc=1 (2048 retained)
GETTREE: cpu = 0.001029 sec, elapsed = 0.001306 sec
    parent: 0.0user 0.0sys 0:00real 0% 0i+0d 4584maxrss 0+92pf 3+0csw
  children: 0.0user 0.0sys 0:00real 0% 0i+0d 0maxrss 0+0pf 0+0csw
Additional #malloc=1992, #free=1888, #realloc=11 (104 retained)

...................Frame     0...................
PREP: cpu = 0.000367 sec, elapsed = 0.000425 sec
    parent: 0.0user 0.0sys 0:00real 0% 0i+0d 4584maxrss 0+26pf 0+0csw
  children: 0.0user 0.0sys 0:00real 0% 0i+0d 0maxrss 0+0pf 0+0csw
Additional #malloc=199, #free=108, #realloc=4 (91 retained)
NUBSP: 0 nu, 74 cut, 75 box (75 empty)
Tree: 12 solids in 3 regions
Model: X(0, 60), Y(-220, 220), Z(-220, 220)
View: 270 azimuth, -7.63333e-14 elevation off of front view
Orientation: 0.707107, 0, 0, 0.707107
Eye_pos: 30, -1524.2, 0
Size: 880mm
Grid: (1.71875, 1.71875) mm, (512, 512) pixels
Beam: radius=0.859375 mm, divergence=0 mm/1mm
Output file is 'sideview.pix' 512x512 pixels
Low overhead scanline-per-CPU buffering

SHOT: cpu = 0.274237 sec, elapsed = 0.073249 sec
    parent: 0.2user 0.0sys 0:00real 337% 0i+0d 8296maxrss 0+79pf 52+50csw
  children: 0.0user 0.0sys 0:00real 0% 0i+0d 0maxrss 0+0pf 0+0csw
Additional #malloc=650, #free=566, #realloc=3 (84 retained)
25640 solid/ray intersections: 20504 hits + 5136 miss
pruned 80.0%:  253184 model RPP, 52802 dups skipped, 2222 solid RPP
Frame  0:     262144 pixels in      0.07 sec =   3823612.42 pixels/sec
Frame  0:     262144 rays   in      0.07 sec =   3823612.42 rays/sec (RTFM)
Frame  0:     262144 rays   in      0.27 sec =    955903.11 rays/CPU_sec
Frame  0:     262144 rays   in      0.07 sec =   3578806.54 rays/sec (wallclock)

./sideview: 17: ./sideview: rt: not found
./sideview: 32: ./sideview: rt: not found
BRL-CAD Release 7.25.0  The BRL-CAD Raytracer RT
    Mon, 23 Jun 2014 13:38:48 +0530, Compilation 0
    amit@amit-Inspiron-3521
BRL-CAD Release 7.25.0  The BRL-CAD Ray-Tracing Library
    Mon, 23 Jun 2014 13:38:48 +0530, Compilation 0
    amit@amit-Inspiron-3521
BRL-CAD Release 7.25.0  The BRL-CAD Numerical Computation Library
    Mon, 23 Jun 2014 13:38:48 +0530, Compilation 0
    amit@amit-Inspiron-3521
BRL-CAD Release 7.25.0  The BRL-CAD Utility Library
    Mon, 23 Jun 2014 13:38:48 +0530, Compilation 0
    amit@amit-Inspiron-3521

Compile-time debug symbols are available
Running on unknown
Planning to run with 4 processors
/usr/brlcad/dev-7.25.0/bin//rt -M -o sideview.pix
opendb /home/amit/public_html/cgi-bin/BRLCAD/ballbearing.g;
tree ballbearing.c;
db title:  Untitled BRL-CAD Database
DIRBUILD: cpu = 0.000353 sec, elapsed = 0.000538 sec
    parent: 0.0user 0.0sys 0:00real 0% 0i+0d 3588maxrss 0+153pf 0+0csw
  children: 0.0user 0.0sys 0:00real 0% 0i+0d 0maxrss 0+0pf 0+0csw
Additional #malloc=111, #free=94, #realloc=5 (17 retained)
0x7f55e1034040 TOL 5.000000e-04 (sq=2.500000e-07) perp=1.000000e-06, para=9.999990e-01
BRL-CAD Release 7.25.0  The BRL-CAD Optical Shader Library
    Mon, 23 Jun 2014 13:38:48 +0530, Compilation 0
    amit@amit-Inspiron-3521
Additional #malloc=2053, #free=5, #realloc=1 (2048 retained)
GETTREE: cpu = 0.001739 sec, elapsed = 0.001434 sec
    parent: 0.0user 0.0sys 0:00real 0% 0i+0d 4598maxrss 0+109pf 41+2csw
  children: 0.0user 0.0sys 0:00real 0% 0i+0d 0maxrss 0+0pf 0+0csw
Additional #malloc=2009, #free=1887, #realloc=11 (122 retained)

...................Frame     0...................
PREP: cpu = 0.000284 sec, elapsed = 0.000323 sec
    parent: 0.0user 0.0sys 0:00real 0% 0i+0d 4598maxrss 0+26pf 0+0csw
  children: 0.0user 0.0sys 0:00real 0% 0i+0d 0maxrss 0+0pf 0+0csw
Additional #malloc=189, #free=103, #realloc=4 (86 retained)
NUBSP: 0 nu, 69 cut, 70 box (70 empty)
Tree: 12 solids in 3 regions
Model: X(0, 20), Y(-220, 220), Z(-220, 220)
View: 270 azimuth, -7.63333e-14 elevation off of front view
Orientation: 0.707107, 0, 0, 0.707107
Eye_pos: 30, -1524.2, 0
Size: 880mm
Grid: (1.71875, 1.71875) mm, (512, 512) pixels
Beam: radius=0.859375 mm, divergence=0 mm/1mm
Output file is 'sideview.pix' 512x512 pixels
Low overhead scanline-per-CPU buffering

SHOT: cpu = 0.232585 sec, elapsed = 0.065521 sec
    parent: 0.2user 0.0sys 0:00real 383% 0i+0d 9224maxrss 0+75pf 47+56csw
  children: 0.0user 0.0sys 0:00real 0% 0i+0d 0maxrss 0+0pf 0+0csw
Additional #malloc=666, #free=566, #realloc=3 (100 retained)
9288 solid/ray intersections: 9010 hits + 278 miss
pruned 97.0%:  259072 model RPP, 31104 dups skipped, 696 solid RPP
Frame  0:     262144 pixels in      0.06 sec =   4508356.08 pixels/sec
Frame  0:     262144 rays   in      0.06 sec =   4508356.08 rays/sec (RTFM)
Frame  0:     262144 rays   in      0.23 sec =   1127089.02 rays/CPU_sec
Frame  0:     262144 rays   in      0.07 sec =   4000915.74 rays/sec (wallclock)

./sideview: 17: ./sideview: rt: not found
./sideview: 32: ./sideview: rt: not found
./sideview: 47: ./sideview: rt: not found
BRL-CAD Release 7.25.0  The BRL-CAD Raytracer RT
    Mon, 23 Jun 2014 13:38:48 +0530, Compilation 0
    amit@amit-Inspiron-3521
BRL-CAD Release 7.25.0  The BRL-CAD Ray-Tracing Library
    Mon, 23 Jun 2014 13:38:48 +0530, Compilation 0
    amit@amit-Inspiron-3521
BRL-CAD Release 7.25.0  The BRL-CAD Numerical Computation Library
    Mon, 23 Jun 2014 13:38:48 +0530, Compilation 0
    amit@amit-Inspiron-3521
BRL-CAD Release 7.25.0  The BRL-CAD Utility Library
    Mon, 23 Jun 2014 13:38:48 +0530, Compilation 0
    amit@amit-Inspiron-3521

Compile-time debug symbols are available
Running on unknown
Planning to run with 4 processors
/usr/brlcad/dev-7.25.0/bin//rt -M -o sideview.pix
opendb /home/amit/public_html/cgi-bin/BRLCAD/ballbearing.g;
tree ballbearing.c;
db title:  Untitled BRL-CAD Database
DIRBUILD: cpu = 0.000479 sec, elapsed = 0.00073 sec
    parent: 0.0user 0.0sys 0:00real 0% 0i+0d 3588maxrss 0+153pf 0+0csw
  children: 0.0user 0.0sys 0:00real 0% 0i+0d 0maxrss 0+0pf 0+0csw
Additional #malloc=111, #free=94, #realloc=5 (17 retained)
0x7f59a60b9040 TOL 5.000000e-04 (sq=2.500000e-07) perp=1.000000e-06, para=9.999990e-01
BRL-CAD Release 7.25.0  The BRL-CAD Optical Shader Library
    Mon, 23 Jun 2014 13:38:48 +0530, Compilation 0
    amit@amit-Inspiron-3521
Additional #malloc=2053, #free=5, #realloc=1 (2048 retained)
GETTREE: cpu = 0.001735 sec, elapsed = 0.002306 sec
    parent: 0.0user 0.0sys 0:00real 0% 0i+0d 6546maxrss 0+102pf 23+1csw
  children: 0.0user 0.0sys 0:00real 0% 0i+0d 0maxrss 0+0pf 0+0csw
Additional #malloc=2014, #free=1888, #realloc=11 (126 retained)

...................Frame     0...................
PREP: cpu = 0.000288 sec, elapsed = 0.000329 sec
    parent: 0.0user 0.0sys 0:00real 0% 0i+0d 6546maxrss 0+26pf 0+0csw
  children: 0.0user 0.0sys 0:00real 0% 0i+0d 0maxrss 0+0pf 0+0csw
Additional #malloc=189, #free=103, #realloc=4 (86 retained)
NUBSP: 0 nu, 69 cut, 70 box (70 empty)
Tree: 12 solids in 3 regions
Model: X(0, 20), Y(-220, 220), Z(-220, 220)
View: 270 azimuth, -7.63333e-14 elevation off of front view
Orientation: 0.707107, 0, 0, 0.707107
Eye_pos: 30, -1524.2, 0
Size: 880mm
Grid: (1.71875, 1.71875) mm, (512, 512) pixels
Beam: radius=0.859375 mm, divergence=0 mm/1mm
Output file is 'sideview.pix' 512x512 pixels
Low overhead scanline-per-CPU buffering

SHOT: cpu = 0.233217 sec, elapsed = 0.060433 sec
    parent: 0.2user 0.0sys 0:00real 383% 0i+0d 8304maxrss 0+68pf 54+51csw
  children: 0.0user 0.0sys 0:00real 0% 0i+0d 0maxrss 0+0pf 0+0csw
Additional #malloc=662, #free=566, #realloc=3 (96 retained)
9288 solid/ray intersections: 9010 hits + 278 miss
pruned 97.0%:  259072 model RPP, 31104 dups skipped, 696 solid RPP
Frame  0:     262144 pixels in      0.06 sec =   4496138.79 pixels/sec
Frame  0:     262144 rays   in      0.06 sec =   4496138.79 rays/sec (RTFM)
Frame  0:     262144 rays   in      0.23 sec =   1124034.70 rays/CPU_sec
Frame  0:     262144 rays   in      0.06 sec =   4337762.48 rays/sec (wallclock)

./sideview: 17: ./sideview: rt: not found
./sideview: 32: ./sideview: rt: not found
./sideview: 47: ./sideview: rt: not found
./sideview: 62: ./sideview: rt: not found
BRL-CAD Release 7.25.0  The BRL-CAD Raytracer RT
    Mon, 23 Jun 2014 13:38:48 +0530, Compilation 0
    amit@amit-Inspiron-3521
BRL-CAD Release 7.25.0  The BRL-CAD Ray-Tracing Library
    Mon, 23 Jun 2014 13:38:48 +0530, Compilation 0
    amit@amit-Inspiron-3521
BRL-CAD Release 7.25.0  The BRL-CAD Numerical Computation Library
    Mon, 23 Jun 2014 13:38:48 +0530, Compilation 0
    amit@amit-Inspiron-3521
BRL-CAD Release 7.25.0  The BRL-CAD Utility Library
    Mon, 23 Jun 2014 13:38:48 +0530, Compilation 0
    amit@amit-Inspiron-3521

Compile-time debug symbols are available
Running on unknown
Planning to run with 4 processors
/usr/brlcad/dev-7.25.0/bin//rt -M -o sideview.pix
opendb /home/amit/public_html/cgi-bin/BRLCAD/ballbearing.g;
tree ballbearing.c;
db title:  Untitled BRL-CAD Database
DIRBUILD: cpu = 0.00035 sec, elapsed = 0.000538 sec
    parent: 0.0user 0.0sys 0:00real 0% 0i+0d 3588maxrss 0+153pf 0+0csw
  children: 0.0user 0.0sys 0:00real 0% 0i+0d 0maxrss 0+0pf 0+0csw
Additional #malloc=111, #free=94, #realloc=5 (17 retained)
0x7f3b9ece7040 TOL 5.000000e-04 (sq=2.500000e-07) perp=1.000000e-06, para=9.999990e-01
BRL-CAD Release 7.25.0  The BRL-CAD Optical Shader Library
    Mon, 23 Jun 2014 13:38:48 +0530, Compilation 0
    amit@amit-Inspiron-3521
Additional #malloc=2053, #free=5, #realloc=1 (2048 retained)
GETTREE: cpu = 0.001686 sec, elapsed = 0.001503 sec
    parent: 0.0user 0.0sys 0:00real 0% 0i+0d 4596maxrss 0+101pf 27+2csw
  children: 0.0user 0.0sys 0:00real 0% 0i+0d 0maxrss 0+0pf 0+0csw
Additional #malloc=2000, #free=1882, #realloc=11 (118 retained)

...................Frame     0...................
PREP: cpu = 0.000304 sec, elapsed = 0.000344 sec
    parent: 0.0user 0.0sys 0:00real 0% 0i+0d 4596maxrss 0+26pf 0+0csw
  children: 0.0user 0.0sys 0:00real 0% 0i+0d 0maxrss 0+0pf 0+0csw
Additional #malloc=203, #free=110, #realloc=4 (93 retained)
NUBSP: 0 nu, 76 cut, 77 box (77 empty)
Tree: 12 solids in 3 regions
Model: X(0, 80), Y(-320, 320), Z(-320, 320)
View: 270 azimuth, -7.63333e-14 elevation off of front view
Orientation: 0.707107, 0, 0, 0.707107
Eye_pos: 30, -1524.2, 0
Size: 880mm
Grid: (1.71875, 1.71875) mm, (512, 512) pixels
Beam: radius=0.859375 mm, divergence=0 mm/1mm
Output file is 'sideview.pix' 512x512 pixels
Low overhead scanline-per-CPU buffering

SHOT: cpu = 0.356894 sec, elapsed = 0.091719 sec
    parent: 0.3user 0.0sys 0:00real 388% 0i+0d 8302maxrss 0+82pf 49+61csw
  children: 0.0user 0.0sys 0:00real 0% 0i+0d 0maxrss 0+0pf 0+0csw
Additional #malloc=650, #free=566, #realloc=3 (84 retained)
50116 solid/ray intersections: 40768 hits + 9348 miss
pruned 81.3%:  244613 model RPP, 98289 dups skipped, 3802 solid RPP
Frame  0:     262144 pixels in      0.09 sec =   2938060.04 pixels/sec
Frame  0:     262144 rays   in      0.09 sec =   2938060.04 rays/sec (RTFM)
Frame  0:     262144 rays   in      0.36 sec =    734515.01 rays/CPU_sec
Frame  0:     262144 rays   in      0.09 sec =   2858121.00 rays/sec (wallclock)

./sideview: 17: ./sideview: rt: not found
./sideview: 32: ./sideview: rt: not found
./sideview: 47: ./sideview: rt: not found
./sideview: 62: ./sideview: rt: not found
./sideview: 77: ./sideview: rt: not found
BRL-CAD Release 7.25.0  The BRL-CAD Raytracer RT
    Mon, 23 Jun 2014 13:38:48 +0530, Compilation 0
    amit@amit-Inspiron-3521
BRL-CAD Release 7.25.0  The BRL-CAD Ray-Tracing Library
    Mon, 23 Jun 2014 13:38:48 +0530, Compilation 0
    amit@amit-Inspiron-3521
BRL-CAD Release 7.25.0  The BRL-CAD Numerical Computation Library
    Mon, 23 Jun 2014 13:38:48 +0530, Compilation 0
    amit@amit-Inspiron-3521
BRL-CAD Release 7.25.0  The BRL-CAD Utility Library
    Mon, 23 Jun 2014 13:38:48 +0530, Compilation 0
    amit@amit-Inspiron-3521

Compile-time debug symbols are available
Running on unknown
Planning to run with 4 processors
/usr/brlcad/dev-7.25.0/bin//rt -M -o sideview.pix
opendb /home/amit/public_html/cgi-bin/BRLCAD/ballbearing.g;
tree ballbearing.c;
db title:  Untitled BRL-CAD Database
DIRBUILD: cpu = 0.000353 sec, elapsed = 0.000553 sec
    parent: 0.0user 0.0sys 0:00real 0% 0i+0d 3588maxrss 0+153pf 0+0csw
  children: 0.0user 0.0sys 0:00real 0% 0i+0d 0maxrss 0+0pf 0+0csw
Additional #malloc=111, #free=94, #realloc=5 (17 retained)
0x7f207aca5040 TOL 5.000000e-04 (sq=2.500000e-07) perp=1.000000e-06, para=9.999990e-01
BRL-CAD Release 7.25.0  The BRL-CAD Optical Shader Library
    Mon, 23 Jun 2014 13:38:48 +0530, Compilation 0
    amit@amit-Inspiron-3521
Additional #malloc=2053, #free=5, #realloc=1 (2048 retained)
GETTREE: cpu = 0.001862 sec, elapsed = 0.001607 sec
    parent: 0.0user 0.0sys 0:00real 0% 0i+0d 4600maxrss 0+102pf 39+0csw
  children: 0.0user 0.0sys 0:00real 0% 0i+0d 0maxrss 0+0pf 0+0csw
Additional #malloc=2015, #free=1880, #realloc=11 (135 retained)

...................Frame     0...................
PREP: cpu = 0.000293 sec, elapsed = 0.000335 sec
    parent: 0.0user 0.0sys 0:00real 0% 0i+0d 4600maxrss 0+26pf 0+0csw
  children: 0.0user 0.0sys 0:00real 0% 0i+0d 0maxrss 0+0pf 0+0csw
Additional #malloc=199, #free=108, #realloc=4 (91 retained)
NUBSP: 0 nu, 74 cut, 75 box (75 empty)
Tree: 12 solids in 3 regions
Model: X(0, 60), Y(-220, 220), Z(-220, 220)
View: 270 azimuth, -7.63333e-14 elevation off of front view
Orientation: 0.707107, 0, 0, 0.707107
Eye_pos: 30, -1524.2, 0
Size: 880mm
Grid: (1.71875, 1.71875) mm, (512, 512) pixels
Beam: radius=0.859375 mm, divergence=0 mm/1mm
Output file is 'sideview.pix' 512x512 pixels
Low overhead scanline-per-CPU buffering

SHOT: cpu = 0.279677 sec, elapsed = 0.073445 sec
    parent: 0.2user 0.0sys 0:00real 385% 0i+0d 8300maxrss 0+83pf 37+58csw
  children: 0.0user 0.0sys 0:00real 0% 0i+0d 0maxrss 0+0pf 0+0csw
Additional #malloc=649, #free=566, #realloc=3 (83 retained)
25640 solid/ray intersections: 20504 hits + 5136 miss
pruned 80.0%:  253184 model RPP, 52802 dups skipped, 2222 solid RPP
Frame  0:     262144 pixels in      0.07 sec =   3749239.30 pixels/sec
Frame  0:     262144 rays   in      0.07 sec =   3749239.30 rays/sec (RTFM)
Frame  0:     262144 rays   in      0.28 sec =    937309.83 rays/CPU_sec
Frame  0:     262144 rays   in      0.07 sec =   3569255.91 rays/sec (wallclock)

./sideview: 17: ./sideview: rt: not found
./sideview: 32: ./sideview: rt: not found
./sideview: 47: ./sideview: rt: not found
./sideview: 62: ./sideview: rt: not found
./sideview: 77: ./sideview: rt: not found
./sideview: 92: ./sideview: rt: not found
BRL-CAD Release 7.25.0  The BRL-CAD Raytracer RT
    Mon, 23 Jun 2014 13:38:48 +0530, Compilation 0
    amit@amit-Inspiron-3521
BRL-CAD Release 7.25.0  The BRL-CAD Ray-Tracing Library
    Mon, 23 Jun 2014 13:38:48 +0530, Compilation 0
    amit@amit-Inspiron-3521
BRL-CAD Release 7.25.0  The BRL-CAD Numerical Computation Library
    Mon, 23 Jun 2014 13:38:48 +0530, Compilation 0
    amit@amit-Inspiron-3521
BRL-CAD Release 7.25.0  The BRL-CAD Utility Library
    Mon, 23 Jun 2014 13:38:48 +0530, Compilation 0
    amit@amit-Inspiron-3521

Compile-time debug symbols are available
Running on unknown
Planning to run with 4 processors
/usr/brlcad/dev-7.25.0/bin//rt -M -o sideview.pix
opendb /home/amit/public_html/cgi-bin/BRLCAD/ballbearing.g;
tree ballbearing.c;
db title:  Untitled BRL-CAD Database
DIRBUILD: cpu = 0.000363 sec, elapsed = 0.000558 sec
    parent: 0.0user 0.0sys 0:00real 0% 0i+0d 3588maxrss 0+153pf 0+0csw
  children: 0.0user 0.0sys 0:00real 0% 0i+0d 0maxrss 0+0pf 0+0csw
Additional #malloc=111, #free=94, #realloc=5 (17 retained)
0x7f0a67282040 TOL 5.000000e-04 (sq=2.500000e-07) perp=1.000000e-06, para=9.999990e-01
BRL-CAD Release 7.25.0  The BRL-CAD Optical Shader Library
    Mon, 23 Jun 2014 13:38:48 +0530, Compilation 0
    amit@amit-Inspiron-3521
Additional #malloc=2053, #free=5, #realloc=1 (2048 retained)
GETTREE: cpu = 0.001641 sec, elapsed = 0.001463 sec
    parent: 0.0user 0.0sys 0:00real 0% 0i+0d 4598maxrss 0+105pf 27+1csw
  children: 0.0user 0.0sys 0:00real 0% 0i+0d 0maxrss 0+0pf 0+0csw
Additional #malloc=2011, #free=1884, #realloc=11 (127 retained)

...................Frame     0...................
PREP: cpu = 0.000307 sec, elapsed = 0.000349 sec
    parent: 0.0user 0.0sys 0:00real 0% 0i+0d 4598maxrss 0+26pf 0+0csw
  children: 0.0user 0.0sys 0:00real 0% 0i+0d 0maxrss 0+0pf 0+0csw
Additional #malloc=199, #free=108, #realloc=4 (91 retained)
NUBSP: 0 nu, 74 cut, 75 box (75 empty)
Tree: 12 solids in 3 regions
Model: X(0, 60), Y(-220, 220), Z(-220, 220)
View: 270 azimuth, -7.63333e-14 elevation off of front view
Orientation: 0.707107, 0, 0, 0.707107
Eye_pos: 30, -1524.2, 0
Size: 880mm
Grid: (1.71875, 1.71875) mm, (512, 512) pixels
Beam: radius=0.859375 mm, divergence=0 mm/1mm
Output file is 'sideview.pix' 512x512 pixels
Low overhead scanline-per-CPU buffering

SHOT: cpu = 0.282753 sec, elapsed = 0.073214 sec
    parent: 0.2user 0.0sys 0:00real 400% 0i+0d 8302maxrss 0+68pf 46+58csw
  children: 0.0user 0.0sys 0:00real 0% 0i+0d 0maxrss 0+0pf 0+0csw
Additional #malloc=649, #free=566, #realloc=3 (83 retained)
25640 solid/ray intersections: 20504 hits + 5136 miss
pruned 80.0%:  253184 model RPP, 52802 dups skipped, 2222 solid RPP
Frame  0:     262144 pixels in      0.07 sec =   3708452.25 pixels/sec
Frame  0:     262144 rays   in      0.07 sec =   3708452.25 rays/sec (RTFM)
Frame  0:     262144 rays   in      0.28 sec =    927113.06 rays/CPU_sec
Frame  0:     262144 rays   in      0.07 sec =   3580517.39 rays/sec (wallclock)

./sideview: 17: ./sideview: rt: not found
./sideview: 32: ./sideview: rt: not found
./sideview: 47: ./sideview: rt: not found
./sideview: 62: ./sideview: rt: not found
./sideview: 77: ./sideview: rt: not found
./sideview: 92: ./sideview: rt: not found
./sideview: 107: ./sideview: rt: not found
BRL-CAD Release 7.25.0  The BRL-CAD Raytracer RT
    Mon, 23 Jun 2014 13:38:48 +0530, Compilation 0
    amit@amit-Inspiron-3521
BRL-CAD Release 7.25.0  The BRL-CAD Ray-Tracing Library
    Mon, 23 Jun 2014 13:38:48 +0530, Compilation 0
    amit@amit-Inspiron-3521
BRL-CAD Release 7.25.0  The BRL-CAD Numerical Computation Library
    Mon, 23 Jun 2014 13:38:48 +0530, Compilation 0
    amit@amit-Inspiron-3521
BRL-CAD Release 7.25.0  The BRL-CAD Utility Library
    Mon, 23 Jun 2014 13:38:48 +0530, Compilation 0
    amit@amit-Inspiron-3521

Compile-time debug symbols are available
Running on unknown
Planning to run with 4 processors
/usr/brlcad/dev-7.25.0/bin//rt -M -o sideview.pix
opendb /home/amit/public_html/cgi-bin/BRLCAD/ballbearing.g;
tree ballbearing.c;
db title:  Untitled BRL-CAD Database
DIRBUILD: cpu = 0.000408 sec, elapsed = 0.000626 sec
    parent: 0.0user 0.0sys 0:00real 0% 0i+0d 3590maxrss 0+153pf 0+0csw
  children: 0.0user 0.0sys 0:00real 0% 0i+0d 0maxrss 0+0pf 0+0csw
Additional #malloc=111, #free=94, #realloc=5 (17 retained)
0x7feae6da5040 TOL 5.000000e-04 (sq=2.500000e-07) perp=1.000000e-06, para=9.999990e-01
BRL-CAD Release 7.25.0  The BRL-CAD Optical Shader Library
    Mon, 23 Jun 2014 13:38:48 +0530, Compilation 0
    amit@amit-Inspiron-3521
Additional #malloc=2053, #free=5, #realloc=1 (2048 retained)
GETTREE: cpu = 0.001617 sec, elapsed = 0.001635 sec
    parent: 0.0user 0.0sys 0:00real 0% 0i+0d 4598maxrss 0+102pf 25+1csw
  children: 0.0user 0.0sys 0:00real 0% 0i+0d 0maxrss 0+0pf 0+0csw
Additional #malloc=2013, #free=1883, #realloc=11 (130 retained)

...................Frame     0...................
PREP: cpu = 0.000363 sec, elapsed = 0.000415 sec
    parent: 0.0user 0.0sys 0:00real 0% 0i+0d 4598maxrss 0+24pf 0+0csw
  children: 0.0user 0.0sys 0:00real 0% 0i+0d 0maxrss 0+0pf 0+0csw
Additional #malloc=168, #free=93, #realloc=4 (75 retained)
NUBSP: 0 nu, 59 cut, 60 box (60 empty)
Tree: 12 solids in 3 regions
Model: X(0, 20), Y(-260, 260), Z(-260, 260)
View: 270 azimuth, -7.63333e-14 elevation off of front view
Orientation: 0.707107, 0, 0, 0.707107
Eye_pos: 30, -1524.2, 0
Size: 880mm
Grid: (1.71875, 1.71875) mm, (512, 512) pixels
Beam: radius=0.859375 mm, divergence=0 mm/1mm
Output file is 'sideview.pix' 512x512 pixels
Low overhead scanline-per-CPU buffering

SHOT: cpu = 0.229871 sec, elapsed = 0.061976 sec
    parent: 0.2user 0.0sys 0:00real 366% 0i+0d 8300maxrss 0+77pf 61+45csw
  children: 0.0user 0.0sys 0:00real 0% 0i+0d 0maxrss 0+0pf 0+0csw
Additional #malloc=666, #free=566, #realloc=3 (100 retained)
12750 solid/ray intersections: 10616 hits + 2134 miss
pruned 83.3%:  258508 model RPP, 35987 dups skipped, 852 solid RPP
Frame  0:     262144 pixels in      0.06 sec =   4561584.54 pixels/sec
Frame  0:     262144 rays   in      0.06 sec =   4561584.54 rays/sec (RTFM)
Frame  0:     262144 rays   in      0.23 sec =   1140396.14 rays/CPU_sec
Frame  0:     262144 rays   in      0.06 sec =   4229766.36 rays/sec (wallclock)

./sideview: 17: ./sideview: rt: not found
./sideview: 32: ./sideview: rt: not found
./sideview: 47: ./sideview: rt: not found
./sideview: 62: ./sideview: rt: not found
./sideview: 77: ./sideview: rt: not found
./sideview: 92: ./sideview: rt: not found
./sideview: 107: ./sideview: rt: not found
./sideview: 122: ./sideview: rt: not found
BRL-CAD Release 7.25.0  The BRL-CAD Raytracer RT
    Mon, 23 Jun 2014 13:38:48 +0530, Compilation 0
    amit@amit-Inspiron-3521
BRL-CAD Release 7.25.0  The BRL-CAD Ray-Tracing Library
    Mon, 23 Jun 2014 13:38:48 +0530, Compilation 0
    amit@amit-Inspiron-3521
BRL-CAD Release 7.25.0  The BRL-CAD Numerical Computation Library
    Mon, 23 Jun 2014 13:38:48 +0530, Compilation 0
    amit@amit-Inspiron-3521
BRL-CAD Release 7.25.0  The BRL-CAD Utility Library
    Mon, 23 Jun 2014 13:38:48 +0530, Compilation 0
    amit@amit-Inspiron-3521

Compile-time debug symbols are available
Running on unknown
Planning to run with 4 processors
/usr/brlcad/dev-7.25.0/bin//rt -M -o sideview.pix
opendb /home/amit/public_html/cgi-bin/BRLCAD/ballbearing.g;
tree ballbearing.c;
db title:  Untitled BRL-CAD Database
DIRBUILD: cpu = 0.000362 sec, elapsed = 0.000554 sec
    parent: 0.0user 0.0sys 0:00real 0% 0i+0d 3590maxrss 0+153pf 0+0csw
  children: 0.0user 0.0sys 0:00real 0% 0i+0d 0maxrss 0+0pf 0+0csw
Additional #malloc=111, #free=94, #realloc=5 (17 retained)
0x7febaddbd040 TOL 5.000000e-04 (sq=2.500000e-07) perp=1.000000e-06, para=9.999990e-01
BRL-CAD Release 7.25.0  The BRL-CAD Optical Shader Library
    Mon, 23 Jun 2014 13:38:48 +0530, Compilation 0
    amit@amit-Inspiron-3521
Additional #malloc=2053, #free=5, #realloc=1 (2048 retained)
GETTREE: cpu = 0.001835 sec, elapsed = 0.00156 sec
    parent: 0.0user 0.0sys 0:00real 0% 0i+0d 4598maxrss 0+106pf 33+4csw
  children: 0.0user 0.0sys 0:00real 0% 0i+0d 0maxrss 0+0pf 0+0csw
Additional #malloc=2009, #free=1885, #realloc=11 (124 retained)

...................Frame     0...................
PREP: cpu = 0.00031 sec, elapsed = 0.000351 sec
    parent: 0.0user 0.0sys 0:00real 0% 0i+0d 4598maxrss 0+24pf 0+0csw
  children: 0.0user 0.0sys 0:00real 0% 0i+0d 0maxrss 0+0pf 0+0csw
Additional #malloc=170, #free=94, #realloc=4 (76 retained)
NUBSP: 0 nu, 60 cut, 61 box (61 empty)
Tree: 12 solids in 3 regions
Model: X(0, 180), Y(-200, 200), Z(-200, 200)
View: 270 azimuth, -7.63333e-14 elevation off of front view
Orientation: 0.707107, 0, 0, 0.707107
Eye_pos: 30, -1524.2, 0
Size: 880mm
Grid: (1.71875, 1.71875) mm, (512, 512) pixels
Beam: radius=0.859375 mm, divergence=0 mm/1mm
Output file is 'sideview.pix' 512x512 pixels
Low overhead scanline-per-CPU buffering

SHOT: cpu = 0.496125 sec, elapsed = 0.1309 sec
    parent: 0.4user 0.0sys 0:00real 376% 0i+0d 8296maxrss 0+74pf 35+75csw
  children: 0.0user 0.0sys 0:00real 0% 0i+0d 0maxrss 0+0pf 0+0csw
Additional #malloc=649, #free=566, #realloc=3 (83 retained)
103973 solid/ray intersections: 89869 hits + 14104 miss
pruned 86.4%:  237679 model RPP, 248308 dups skipped, 10172 solid RPP
Frame  0:     262144 pixels in      0.12 sec =   2113531.87 pixels/sec
Frame  0:     262144 rays   in      0.12 sec =   2113531.87 rays/sec (RTFM)
Frame  0:     262144 rays   in      0.50 sec =    528382.97 rays/CPU_sec
Frame  0:     262144 rays   in      0.13 sec =   2002627.96 rays/sec (wallclock)

./sideview: 17: ./sideview: rt: not found
./sideview: 32: ./sideview: rt: not found
./sideview: 47: ./sideview: rt: not found
./sideview: 62: ./sideview: rt: not found
./sideview: 77: ./sideview: rt: not found
./sideview: 92: ./sideview: rt: not found
./sideview: 107: ./sideview: rt: not found
./sideview: 122: ./sideview: rt: not found
./sideview: 137: ./sideview: rt: not found
